Successfully retrieved statistics for job: 36035261. 
+------------------------------------------------------------------------------+
| GPU ID: 2                                                                    |
+====================================+=========================================+
|-----  Execution Stats  ------------+-----------------------------------------|
| Start Time                         | Fri Nov  8 23:07:49 2024                |
| End Time                           | Sun Nov 10 01:09:55 2024                |
| Total Execution Time (sec)         | 93725.3                                 |
| No. of Processes                   | 1                                       |
+-----  Performance Stats  ----------+-----------------------------------------+
| Energy Consumed (Joules)           | 936425                                  |
| Power Usage (Watts)                | Avg: 262.634, Max: 322.471, Min: 73.471 |
| Max GPU Memory Used (bytes)        | 24417140736                             |
| SM Clock (MHz)                     | Avg: 1463, Max: 1530, Min: 1395         |
| Memory Clock (MHz)                 | Avg: 877, Max: 877, Min: 877            |
| SM Utilization (%)                 | Avg: 97, Max: 100, Min: 96              |
| Memory Utilization (%)             | Avg: 57, Max: 65, Min: 51               |
| PCIe Rx Bandwidth (megabytes)      | Avg: N/A, Max: N/A, Min: N/A            |
| PCIe Tx Bandwidth (megabytes)      | Avg: N/A, Max: N/A, Min: N/A            |
+-----  Event Stats  ----------------+-----------------------------------------+
| Single Bit ECC Errors              | 0                                       |
| Double Bit ECC Errors              | 0                                       |
| PCIe Replay Warnings               | 0                                       |
| Critical XID Errors                | 0                                       |
+-----  Slowdown Stats  -------------+-----------------------------------------+
| Due to - Power (%)                 | 0                                       |
|        - Thermal (%)               | 0                                       |
|        - Reliability (%)           | Not Supported                           |
|        - Board Limit (%)           | Not Supported                           |
|        - Low Utilization (%)       | Not Supported                           |
|        - Sync Boost (%)            | 0                                       |
+--  Compute Process Utilization  ---+-----------------------------------------+
| PID                                | 3700093                                 |
|     Avg SM Utilization (%)         | 97                                      |
|     Avg Memory Utilization (%)     | 55                                      |
+-----  Overall Health  -------------+-----------------------------------------+
| Overall Health                     | Healthy                                 |
+------------------------------------+-----------------------------------------+

