Successfully retrieved statistics for job: 37218091. 
+------------------------------------------------------------------------------+
| GPU ID: 2                                                                    |
+====================================+=========================================+
|-----  Execution Stats  ------------+-----------------------------------------|
| Start Time                         | Mon Feb  3 18:49:18 2025                |
| End Time                           | Mon Feb  3 19:00:29 2025                |
| Total Execution Time (sec)         | 670.73                                  |
| No. of Processes                   | 2                                       |
+-----  Performance Stats  ----------+-----------------------------------------+
| Energy Consumed (Joules)           | 46893                                   |
| Power Usage (Watts)                | Avg: 69.3004, Max: 208.054, Min: 60.692 |
| Max GPU Memory Used (bytes)        | 50038046720                             |
| SM Clock (MHz)                     | Avg: 407, Max: 1410, Min: 210           |
| Memory Clock (MHz)                 | Avg: 1593, Max: 1593, Min: 1593         |
| SM Utilization (%)                 | Avg: 6, Max: 80, Min: 0                 |
| Memory Utilization (%)             | Avg: 3, Max: 81, Min: 0                 |
| PCIe Rx Bandwidth (megabytes)      | Avg: N/A, Max: N/A, Min: N/A            |
| PCIe Tx Bandwidth (megabytes)      | Avg: N/A, Max: N/A, Min: N/A            |
+-----  Event Stats  ----------------+-----------------------------------------+
| Single Bit ECC Errors              | 0                                       |
| Double Bit ECC Errors              | 0                                       |
| PCIe Replay Warnings               | 0                                       |
| Critical XID Errors                | 0                                       |
+-----  Slowdown Stats  -------------+-----------------------------------------+
| Due to - Power (%)                 | 0                                       |
|        - Thermal (%)               | 0                                       |
|        - Reliability (%)           | Not Supported                           |
|        - Board Limit (%)           | Not Supported                           |
|        - Low Utilization (%)       | Not Supported                           |
|        - Sync Boost (%)            | 0                                       |
+--  Compute Process Utilization  ---+-----------------------------------------+
| PID                                | 407250                                  |
|     Avg SM Utilization (%)         | Not Found                               |
|     Avg Memory Utilization (%)     | 17                                      |
| PID                                | 408205                                  |
|     Avg SM Utilization (%)         | 25                                      |
|     Avg Memory Utilization (%)     | 13                                      |
+-----  Overall Health  -------------+-----------------------------------------+
| Overall Health                     | Healthy                                 |
+------------------------------------+-----------------------------------------+

