Successfully retrieved statistics for job: 37815800. 
+------------------------------------------------------------------------------+
| GPU ID: 0                                                                    |
+====================================+=========================================+
|-----  Execution Stats  ------------+-----------------------------------------|
| Start Time                         | Sat Mar  8 09:59:49 2025                |
| End Time                           | Fri Mar 14 23:09:09 2025                |
| Total Execution Time (sec)         | 565760                                  |
| No. of Processes                   | 1                                       |
+-----  Performance Stats  ----------+-----------------------------------------+
| Energy Consumed (Joules)           | 1172508                                 |
| Power Usage (Watts)                | Avg: 324.154, Max: 404.12, Min: 84.069  |
| Max GPU Memory Used (bytes)        | 48951721984                             |
| SM Clock (MHz)                     | Avg: 1409, Max: 1410, Min: 1395         |
| Memory Clock (MHz)                 | Avg: 1593, Max: 1593, Min: 1593         |
| SM Utilization (%)                 | Avg: 97, Max: 100, Min: 0               |
| Memory Utilization (%)             | Avg: 44, Max: 62, Min: 0                |
| PCIe Rx Bandwidth (megabytes)      | Avg: N/A, Max: N/A, Min: N/A            |
| PCIe Tx Bandwidth (megabytes)      | Avg: N/A, Max: N/A, Min: N/A            |
+-----  Event Stats  ----------------+-----------------------------------------+
| Single Bit ECC Errors              | 0                                       |
| Double Bit ECC Errors              | 0                                       |
| PCIe Replay Warnings               | 0                                       |
| Critical XID Errors                | 0                                       |
+-----  Slowdown Stats  -------------+-----------------------------------------+
| Due to - Power (%)                 | 0                                       |
|        - Thermal (%)               | 0                                       |
|        - Reliability (%)           | Not Supported                           |
|        - Board Limit (%)           | Not Supported                           |
|        - Low Utilization (%)       | Not Supported                           |
|        - Sync Boost (%)            | 0                                       |
+--  Compute Process Utilization  ---+-----------------------------------------+
| PID                                | 2918315                                 |
|     Avg SM Utilization (%)         | 98                                      |
|     Avg Memory Utilization (%)     | 44                                      |
+-----  Overall Health  -------------+-----------------------------------------+
| Overall Health                     | Healthy                                 |
+------------------------------------+-----------------------------------------+

