Successfully retrieved statistics for job: 37913818. 
+------------------------------------------------------------------------------+
| GPU ID: 1                                                                    |
+====================================+=========================================+
|-----  Execution Stats  ------------+-----------------------------------------|
| Start Time                         | Thu Mar 13 18:35:43 2025                |
| End Time                           | Thu Mar 13 20:53:14 2025                |
| Total Execution Time (sec)         | 8251.51                                 |
| No. of Processes                   | 7                                       |
+-----  Performance Stats  ----------+-----------------------------------------+
| Energy Consumed (Joules)           | 195455                                  |
| Power Usage (Watts)                | Avg: 53.2557, Max: 287.631, Min: 43.868 |
| Max GPU Memory Used (bytes)        | 33067892736                             |
| SM Clock (MHz)                     | Avg: 321, Max: 1530, Min: 135           |
| Memory Clock (MHz)                 | Avg: 877, Max: 877, Min: 877            |
| SM Utilization (%)                 | Avg: 5, Max: 100, Min: 0                |
| Memory Utilization (%)             | Avg: 1, Max: 51, Min: 0                 |
| PCIe Rx Bandwidth (megabytes)      | Avg: N/A, Max: N/A, Min: N/A            |
| PCIe Tx Bandwidth (megabytes)      | Avg: N/A, Max: N/A, Min: N/A            |
+-----  Event Stats  ----------------+-----------------------------------------+
| Single Bit ECC Errors              | 0                                       |
| Double Bit ECC Errors              | 0                                       |
| PCIe Replay Warnings               | 0                                       |
| Critical XID Errors                | 0                                       |
+-----  Slowdown Stats  -------------+-----------------------------------------+
| Due to - Power (%)                 | 0                                       |
|        - Thermal (%)               | 0                                       |
|        - Reliability (%)           | Not Supported                           |
|        - Board Limit (%)           | Not Supported                           |
|        - Low Utilization (%)       | Not Supported                           |
|        - Sync Boost (%)            | 0                                       |
+--  Compute Process Utilization  ---+-----------------------------------------+
| PID                                | 3642485                                 |
|     Avg SM Utilization (%)         | 0                                       |
|     Avg Memory Utilization (%)     | 0                                       |
| PID                                | 3667981                                 |
|     Avg SM Utilization (%)         | 8                                       |
|     Avg Memory Utilization (%)     | 4                                       |
| PID                                | 3672652                                 |
|     Avg SM Utilization (%)         | 1                                       |
|     Avg Memory Utilization (%)     | 0                                       |
| PID                                | 3675901                                 |
|     Avg SM Utilization (%)         | 8                                       |
|     Avg Memory Utilization (%)     | 4                                       |
| PID                                | 3680109                                 |
|     Avg SM Utilization (%)         | 0                                       |
|     Avg Memory Utilization (%)     | 0                                       |
| PID                                | 3683840                                 |
|     Avg SM Utilization (%)         | 8                                       |
|     Avg Memory Utilization (%)     | 4                                       |
| PID                                | 3687763                                 |
|     Avg SM Utilization (%)         | 1                                       |
|     Avg Memory Utilization (%)     | 0                                       |
+-----  Overall Health  -------------+-----------------------------------------+
| Overall Health                     | Healthy                                 |
+------------------------------------+-----------------------------------------+

