Successfully retrieved statistics for job: 36047532. 
+------------------------------------------------------------------------------+
| GPU ID: 0                                                                    |
+====================================+=========================================+
|-----  Execution Stats  ------------+-----------------------------------------|
| Start Time                         | Sun Nov 10 01:53:41 2024                |
| End Time                           | Wed Nov 13 20:53:10 2024                |
| Total Execution Time (sec)         | 327569                                  |
| No. of Processes                   | 1                                       |
+-----  Performance Stats  ----------+-----------------------------------------+
| Energy Consumed (Joules)           | 949614                                  |
| Power Usage (Watts)                | Avg: 261.348, Max: 323.696, Min: 76.839 |
| Max GPU Memory Used (bytes)        | 24383586304                             |
| SM Clock (MHz)                     | Avg: 1435, Max: 1530, Min: 1372         |
| Memory Clock (MHz)                 | Avg: 877, Max: 877, Min: 877            |
| SM Utilization (%)                 | Avg: 97, Max: 100, Min: 21              |
| Memory Utilization (%)             | Avg: 56, Max: 65, Min: 3                |
| PCIe Rx Bandwidth (megabytes)      | Avg: N/A, Max: N/A, Min: N/A            |
| PCIe Tx Bandwidth (megabytes)      | Avg: N/A, Max: N/A, Min: N/A            |
+-----  Event Stats  ----------------+-----------------------------------------+
| Single Bit ECC Errors              | 0                                       |
| Double Bit ECC Errors              | 0                                       |
| PCIe Replay Warnings               | 0                                       |
| Critical XID Errors                | 0                                       |
+-----  Slowdown Stats  -------------+-----------------------------------------+
| Due to - Power (%)                 | 0                                       |
|        - Thermal (%)               | 0                                       |
|        - Reliability (%)           | Not Supported                           |
|        - Board Limit (%)           | Not Supported                           |
|        - Low Utilization (%)       | Not Supported                           |
|        - Sync Boost (%)            | 0                                       |
+--  Compute Process Utilization  ---+-----------------------------------------+
| PID                                | 1501920                                 |
|     Avg SM Utilization (%)         | 97                                      |
|     Avg Memory Utilization (%)     | 54                                      |
+-----  Overall Health  -------------+-----------------------------------------+
| Overall Health                     | Healthy                                 |
+------------------------------------+-----------------------------------------+

